Build started 22/4/2015 15:08:51 PM.
     1>Project "D:\Language Program\lap trinh C[C++]\GameProject\2048\2048.vcxproj" on node 2 (Build target(s)).
     1>InitializeBuildStatus:
         Creating "Release\2048.unsuccessfulbuild" because "AlwaysCreate" was specified.
       ClCompile:
         C:\Program Files\Microsoft Visual Studio 11.0\VC\bin\CL.exe /c /Zi /nologo /W3 /WX- /O2 /Oi /Oy- /GL /D _MBCS /Gm- /EHsc /MD /GS /Gy /fp:precise /Zc:wchar_t /Zc:forScope /Fo"Release\\" /Fd"Release\vc110.pdb" /Gd /TP /analyze- /errorReport:prompt Source.cpp
         Source.cpp
     1>Source.cpp(147): warning C4244: 'argument' : conversion from 'time_t' to 'unsigned int', possible loss of data
     1>Source.cpp(703): warning C4244: 'argument' : conversion from 'time_t' to 'unsigned int', possible loss of data
     1>Source.cpp(912): warning C4996: 'getch': The POSIX name for this item is deprecated. Instead, use the ISO C++ conformant name: _getch. See online help for details.
                 C:\Program Files\Microsoft Visual Studio 11.0\VC\include\conio.h(131) : see declaration of 'getch'
     1>Source.cpp(951): warning C4996: 'getch': The POSIX name for this item is deprecated. Instead, use the ISO C++ conformant name: _getch. See online help for details.
                 C:\Program Files\Microsoft Visual Studio 11.0\VC\include\conio.h(131) : see declaration of 'getch'
       Link:
         C:\Program Files\Microsoft Visual Studio 11.0\VC\bin\link.exe /ERRORREPORT:PROMPT /OUT:"D:\Language Program\lap trinh C[C++]\GameProject\Release\2048.exe" /NOLOGO kernel32.lib user32.lib gdi32.lib winspool.lib comdlg32.lib advapi32.lib shell32.lib ole32.lib oleaut32.lib uuid.lib odbc32.lib odbccp32.lib /MANIFEST /MANIFESTUAC:"level='asInvoker' uiAccess='false'" /manifest:embed /DEBUG /PDB:"D:\Language Program\lap trinh C[C++]\GameProject\Release\2048.pdb" /OPT:REF /OPT:ICF /LTCG /TLBID:1 /DYNAMICBASE /NXCOMPAT /IMPLIB:"D:\Language Program\lap trinh C[C++]\GameProject\Release\2048.lib" /MACHINE:X86 /SAFESEH Release\Source.obj
         Generating code
     1>d:\language program\lap trinh c[c++]\gameproject\2048\source.cpp(699): warning C4715: 'getKey' : not all control paths return a value
         Finished generating code
         2048.vcxproj -> D:\Language Program\lap trinh C[C++]\GameProject\Release\2048.exe
       FinalizeBuildStatus:
         Deleting file "Release\2048.unsuccessfulbuild".
         Touching "Release\2048.lastbuildstate".
     1>Done Building Project "D:\Language Program\lap trinh C[C++]\GameProject\2048\2048.vcxproj" (Build target(s)).

Build succeeded.

Time Elapsed 00:00:02.40
